{
  "stats": {
    "suites": 1,
    "tests": 2,
    "passes": 2,
    "pending": 0,
    "failures": 0,
    "start": "2021-10-13T01:35:29.483Z",
    "end": "2021-10-13T01:35:32.052Z",
    "duration": 2569,
    "testsRegistered": 2,
    "passPercent": 100,
    "pendingPercent": 0,
    "other": 0,
    "hasOther": false,
    "skipped": 0,
    "hasSkipped": false
  },
  "results": [
    {
      "uuid": "d9e8e66a-4ce2-4b8c-9dec-f013313cec87",
      "title": "",
      "fullFile": "cypress/integration/listagem.spec.js",
      "file": "cypress/integration/listagem.spec.js",
      "beforeHooks": [],
      "afterHooks": [],
      "tests": [],
      "suites": [
        {
          "uuid": "26596499-61dd-419f-b56d-d8f1cfb48d4b",
          "title": "",
          "fullFile": "",
          "file": "",
          "beforeHooks": [],
          "afterHooks": [],
          "tests": [
            {
              "title": "Sem cadastro e listagem vazia",
              "fullTitle": " Sem cadastro e listagem vazia",
              "timedOut": null,
              "duration": 706,
              "state": "passed",
              "speed": "slow",
              "pass": true,
              "fail": false,
              "pending": false,
              "context": null,
              "code": "cy.fixture('listagem-vazia').then(data => {\n  window.localStorage.setItem('data', JSON.stringify(data));\n});\ncy.visit('https://form-agilizei.netlify.app/listagem.html');\ncy.get('table tbody tr').should('have.length', 0);",
              "err": {},
              "uuid": "67ef237b-af0d-46d5-8966-f43fc7dd6077",
              "parentUUID": "26596499-61dd-419f-b56d-d8f1cfb48d4b",
              "isHook": false,
              "skipped": false
            },
            {
              "title": "Um ou mais cadastros, exibe a listagem de cada registro",
              "fullTitle": " Um ou mais cadastros, exibe a listagem de cada registro",
              "timedOut": null,
              "duration": 341,
              "state": "passed",
              "speed": "slow",
              "pass": true,
              "fail": false,
              "pending": false,
              "context": null,
              "code": "cy.fixture('listagem-com-itens').then(data => {\n  window.localStorage.setItem('data', JSON.stringify(data));\n});\ncy.visit('https://form-agilizei.netlify.app/listagem.html');\ncy.get('table tbody tr').should('have.length', 2);",
              "err": {},
              "uuid": "5fc9a375-0dfa-4c5f-9d83-e5394c398c3d",
              "parentUUID": "26596499-61dd-419f-b56d-d8f1cfb48d4b",
              "isHook": false,
              "skipped": false
            }
          ],
          "suites": [],
          "passes": [
            "67ef237b-af0d-46d5-8966-f43fc7dd6077",
            "5fc9a375-0dfa-4c5f-9d83-e5394c398c3d"
          ],
          "failures": [],
          "pending": [],
          "skipped": [],
          "duration": 1047,
          "root": false,
          "rootEmpty": false,
          "_timeout": 2000
        }
      ],
      "passes": [],
      "failures": [],
      "pending": [],
      "skipped": [],
      "duration": 0,
      "root": true,
      "rootEmpty": true,
      "_timeout": 2000
    }
  ],
  "meta": {
    "mocha": {
      "version": "7.0.1"
    },
    "mochawesome": {
      "options": {
        "quiet": true,
        "reportFilename": "mochawesome",
        "saveHtml": false,
        "saveJson": true,
        "consoleReporter": "spec",
        "useInlineDiffs": false,
        "code": true
      },
      "version": "6.3.1"
    },
    "marge": {
      "options": {
        "id": "default",
        "reportDir": "mochawesome-report",
        "quiet": true,
        "overwrite": false,
        "html": false,
        "json": true
      },
      "version": "5.2.0"
    }
  }
}