{
  "stats": {
    "suites": 1,
    "tests": 3,
    "passes": 3,
    "pending": 0,
    "failures": 0,
    "start": "2021-10-17T20:40:25.919Z",
    "end": "2021-10-17T20:41:52.388Z",
    "duration": 86469,
    "testsRegistered": 3,
    "passPercent": 100,
    "pendingPercent": 0,
    "other": 0,
    "hasOther": false,
    "skipped": 0,
    "hasSkipped": false
  },
  "results": [
    {
      "uuid": "7a67b896-8dd8-4e16-9013-7949571f1e53",
      "title": "",
      "fullFile": "cypress/integration/challangeIV.spec.js",
      "file": "cypress/integration/challangeIV.spec.js",
      "beforeHooks": [],
      "afterHooks": [],
      "tests": [],
      "suites": [
        {
          "uuid": "df8ed568-696d-4aaa-bd3e-12bde3c9bf18",
          "title": "Automation Practice - Sign in",
          "fullFile": "",
          "file": "",
          "beforeHooks": [],
          "afterHooks": [],
          "tests": [
            {
              "title": "Cenário - Validação de e-mail - Campo vazio",
              "fullTitle": "Automation Practice - Sign in Cenário - Validação de e-mail - Campo vazio",
              "timedOut": null,
              "duration": 16235,
              "state": "passed",
              "speed": "slow",
              "pass": true,
              "fail": false,
              "pending": false,
              "context": null,
              "code": "/*\n1) Acessar o site e clicar no link \"Sign in\"\n2) Validar as ações abaixo:\n    2.1) Clicar no botão \"Create an account\" -> Deveria mostrar mensagem de e-mail inválido\n    2.2) Preencher um e-mail inválido qualquer e clicar no botão -> Deveria mostrar mensagem de e-mail inválido\n*/\n// 2.1\n// Acessar o site e clicar no link \"Sign in\"\ncy.visit('http://automationpractice.com/');\ncy.contains('Sign in').click(); // Clicar no botão \"Create an account\" -> Deveria mostrar mensagem de e-mail inválido\ncy.get('button[name=SubmitCreate]').click();\ncy.contains('Invalid').should('contain.text', 'Invalid email'); // 2.2\n// Acessar o site e clicar no link \"Sign in\"\ncy.visit('http://automationpractice.com/');\ncy.contains('Sign in').click(); // Preencher um e-mail inválido qualquer e clicar no botão -> Deveria mostrar mensagem de e-mail inválido\ncy.get('input[name=email_create]').type('ANY@TEXT');\ncy.get('button[name=SubmitCreate]').click();\ncy.contains('Invalid').should('contain.text', 'Invalid email');",
              "err": {},
              "uuid": "c1d05a77-7f3c-48b9-9bc6-d7f100223f96",
              "parentUUID": "df8ed568-696d-4aaa-bd3e-12bde3c9bf18",
              "isHook": false,
              "skipped": false
            },
            {
              "title": "Cenário - Validar campos obrigatórios",
              "fullTitle": "Automation Practice - Sign in Cenário - Validar campos obrigatórios",
              "timedOut": null,
              "duration": 45633,
              "state": "passed",
              "speed": "slow",
              "pass": true,
              "fail": false,
              "pending": false,
              "context": null,
              "code": "/*\nCenário - Validar campos obrigatórios\n    1) Acessar o site e clicar no link \"Sign in\"\n    2) Informar um e-mail válido para criar uma conta\n        2.1) Adicionar validações nos campos obrigatórios\n    3) Preencher o formulário com dados válidos aleatórios\n    4) Concluir o cadastro com sucesso\n*/\n// Acessar o site e clicar no link \"Sign in\"\ncy.visit('http://automationpractice.com/index.php?controller=authentication'); // Informar um e-mail válido para criar uma conta\ncy.get('input[name=email_create]').type(chance.email());\ncy.get('button[name=SubmitCreate]').click(); // Adicionar validações nos campos obrigatórios\ncy.get('button#submitAccount').click(); //Validar \"First Name\"\ncy.get('input[name=customer_firstname]').type('{enter}');\ncy.contains('firstname').should('contain.text', 'firstname');\ncy.get('input[name=customer_firstname]').type(chance.first()).type('{enter}');\ncy.contains('firstname').should('not.exist', 'firstname'); //Validar \"Last Name\"\ncy.get('input[name=customer_lastname]').type('{enter}');\ncy.contains('lastname').should('contain.text', 'lastname');\ncy.get('input[name=customer_lastname]').type(chance.last()).type('{enter}');\ncy.contains('lastname').should('not.exist', 'lastname'); //Validar \"Address\"\ncy.get('input[name=address1]').type('{enter}');\ncy.contains('address1').should('contain.text', 'address1');\ncy.get('input[name=address1]').type(chance.address()).type('{enter}');\ncy.contains('address1').should('not.exist', 'address1'); //Validar \"City\"\ncy.get('input[name=city]').type('{enter}');\ncy.contains('city').should('contain.text', 'city');\ncy.get('input[name=city]').type('Miami').type('{enter}');\ncy.contains('city').should('not.exist', 'city'); //Validar \"Zip\"\ncy.get('input[name=postcode]').type('{enter}');\ncy.contains('00000').should('contain.text', '00000');\ncy.get('input[name=postcode]').type(chance.zip()).type('{enter}');\ncy.contains('00000').should('not.exist', '00000'); //Validar \"Phone\"\ncy.get('input[name=phone_mobile]').type('{enter}');\ncy.contains('phone number').should('contain.text', 'phone number');\ncy.get('input[name=phone_mobile]').type(chance.phone()).type('{enter}');\ncy.contains('phone number').should('contain.text', 'phone number'); //Validar \"State\"\ncy.get('select#id_state').select('Florida', {\n  force: true\n}); //Validar \"Password\"\ncy.get('input#passwd').type('{enter}');\ncy.contains('passwd').should('contain.text', 'passwd');\ncy.get('input#passwd').type('DesafioIV@2021').type('{enter}');\ncy.contains('passwd').should('not.exist', 'passwd');\ncy.url().should('contain', 'my-account');",
              "err": {},
              "uuid": "f9c98d00-6dd0-49e6-92af-480e79c77392",
              "parentUUID": "df8ed568-696d-4aaa-bd3e-12bde3c9bf18",
              "isHook": false,
              "skipped": false
            },
            {
              "title": "Cenário - Green Path",
              "fullTitle": "Automation Practice - Sign in Cenário - Green Path",
              "timedOut": null,
              "duration": 20830,
              "state": "passed",
              "speed": "slow",
              "pass": true,
              "fail": false,
              "pending": false,
              "context": null,
              "code": "/*\nCenário Green Path\n    1) Acessar o site e clicar no link \"Sign in\"\n    2) Informar um e-mail válido para criar uma conta\n    3) Preencher o formulário com dados válidos aleatórios\n    4) Concluir o cadastro com sucesso\n*/\n//Acessar o site e clicar no link \"Sign in\"\ncy.visit('http://automationpractice.com/');\ncy.contains('Sign in').click(); //Informar um e-mail válido para criar uma conta\ncy.get('input[name=email_create]').type(chance.email());\ncy.get('button[name=SubmitCreate]').click(); //Preencher o formulário com dados válidos aleatórios\n/* PERSONAL INFORMATION */\ncy.get('input[type=radio]').first().check();\ncy.get('input[name=customer_firstname]').type(chance.first());\ncy.get('input[name=customer_lastname]').type(chance.last());\ncy.get('input#passwd').type('DesafioIV@2021');\ncy.get('select#days').select('6', {\n  force: true\n});\ncy.get('select#months').select(chance.month(), {\n  force: true\n});\ncy.get('select#years').select('2000', {\n  force: true\n});\ncy.get('input#newsletter').check('1');\ncy.get('input#optin').check('1');\n/* ADDRESS INFORMATION */\ncy.get('input[name=company]').type(chance.company());\ncy.get('input[name=address1]').type(chance.address());\ncy.get('input[name=address2]').type('Lorem ipsum');\ncy.get('input[name=city]').type('Miami');\ncy.get('select#id_state').select('Florida', {\n  force: true\n});\ncy.get('input[name=postcode]').type(chance.zip());\ncy.get('textarea[name=other]').type(chance.sentence());\ncy.get('input[name=phone]').type(chance.phone());\ncy.get('input[name=phone_mobile]').type(chance.phone());\ncy.get('input[name=alias]').clear().type('Bootcamp 7');\n/* CONCLUIR O CADASTRO */\ncy.get('button#submitAccount').click();\ncy.url().should('contain', 'my-account');",
              "err": {},
              "uuid": "d842a96b-245a-418d-88db-df876a7ec011",
              "parentUUID": "df8ed568-696d-4aaa-bd3e-12bde3c9bf18",
              "isHook": false,
              "skipped": false
            }
          ],
          "suites": [],
          "passes": [
            "c1d05a77-7f3c-48b9-9bc6-d7f100223f96",
            "f9c98d00-6dd0-49e6-92af-480e79c77392",
            "d842a96b-245a-418d-88db-df876a7ec011"
          ],
          "failures": [],
          "pending": [],
          "skipped": [],
          "duration": 82698,
          "root": false,
          "rootEmpty": false,
          "_timeout": 2000
        }
      ],
      "passes": [],
      "failures": [],
      "pending": [],
      "skipped": [],
      "duration": 0,
      "root": true,
      "rootEmpty": true,
      "_timeout": 2000
    }
  ],
  "meta": {
    "mocha": {
      "version": "7.0.1"
    },
    "mochawesome": {
      "options": {
        "quiet": true,
        "reportFilename": "mochawesome",
        "saveHtml": false,
        "saveJson": true,
        "consoleReporter": "spec",
        "useInlineDiffs": false,
        "code": true
      },
      "version": "6.3.1"
    },
    "marge": {
      "options": {
        "id": "default",
        "reportDir": "mochawesome-report",
        "quiet": true,
        "overwrite": false,
        "html": false,
        "json": true
      },
      "version": "5.2.0"
    }
  }
}