{
  "stats": {
    "suites": 1,
    "tests": 1,
    "passes": 1,
    "pending": 0,
    "failures": 0,
    "start": "2021-10-13T01:35:15.347Z",
    "end": "2021-10-13T01:35:23.478Z",
    "duration": 8131,
    "testsRegistered": 1,
    "passPercent": 100,
    "pendingPercent": 0,
    "other": 0,
    "hasOther": false,
    "skipped": 0,
    "hasSkipped": false
  },
  "results": [
    {
      "uuid": "11ccd632-1b63-4584-a700-6e47d4d15b9d",
      "title": "",
      "fullFile": "cypress/integration/cadastro.spec.js",
      "file": "cypress/integration/cadastro.spec.js",
      "beforeHooks": [],
      "afterHooks": [],
      "tests": [],
      "suites": [
        {
          "uuid": "e3fe0849-dbe6-45f7-9080-40eade6ca73a",
          "title": "Cadastro",
          "fullFile": "",
          "file": "",
          "beforeHooks": [],
          "afterHooks": [],
          "tests": [
            {
              "title": "Quando eu informar os dados e finalizar, então o cadastro deve ser efetuado",
              "fullTitle": "Cadastro Quando eu informar os dados e finalizar, então o cadastro deve ser efetuado",
              "timedOut": null,
              "duration": 5814,
              "state": "passed",
              "speed": "slow",
              "pass": true,
              "fail": false,
              "pending": false,
              "context": null,
              "code": "cy.visit('https://form-agilizei.netlify.app/');\ncy.get('input[name=firstName]').type(chance.first());\ncy.get('input[name=lastName]').type(chance.last());\ncy.get('textarea[name=adress]').type(chance.address());\ncy.get('input[name=emailAdress]').type(chance.email());\ncy.get('input[value=m]').check();\ncy.get('input[type=checkbox]').check('Netflix');\ncy.get('input[type=checkbox]').check('Dormir');\ncy.get('select#countries').select('Dinamarca', {\n  force: true\n});\ncy.get('select#years').select('1979', {\n  force: true\n});\ncy.get('select#months').select('Abril', {\n  force: true\n});\ncy.get('select#days').select('6', {\n  force: true\n});\ncy.get('input#firstpassword').type('Alunos@2021');\ncy.get('input#secondpassword').type('Alunos@2021');\ncy.contains('Finalizar cadastro').click();\ncy.url().should('contain', 'listagem');",
              "err": {},
              "uuid": "bc2f3b4b-cad3-4db7-968c-6c9299c09bea",
              "parentUUID": "e3fe0849-dbe6-45f7-9080-40eade6ca73a",
              "isHook": false,
              "skipped": false
            }
          ],
          "suites": [],
          "passes": [
            "bc2f3b4b-cad3-4db7-968c-6c9299c09bea"
          ],
          "failures": [],
          "pending": [],
          "skipped": [],
          "duration": 5814,
          "root": false,
          "rootEmpty": false,
          "_timeout": 2000
        }
      ],
      "passes": [],
      "failures": [],
      "pending": [],
      "skipped": [],
      "duration": 0,
      "root": true,
      "rootEmpty": true,
      "_timeout": 2000
    }
  ],
  "meta": {
    "mocha": {
      "version": "7.0.1"
    },
    "mochawesome": {
      "options": {
        "quiet": true,
        "reportFilename": "mochawesome",
        "saveHtml": false,
        "saveJson": true,
        "consoleReporter": "spec",
        "useInlineDiffs": false,
        "code": true
      },
      "version": "6.3.1"
    },
    "marge": {
      "options": {
        "id": "default",
        "reportDir": "mochawesome-report",
        "quiet": true,
        "overwrite": false,
        "html": false,
        "json": true
      },
      "version": "5.2.0"
    }
  }
}